<?xml version="1.0" encoding="UTF-8"?>
<!-- Generated by org.testng.reporters.JUnitReportReporter -->
<testsuite hostname="LakshmiPrasadPC" name="Academyyy.MySampleProject.ValidateNavigation" tests="1" failures="0" timestamp="13 May 2019 10:07:31 GMT" time="0.075" errors="0">
  <testcase name="basePageNavigation" time="0.075" classname="Academyyy.MySampleProject.ValidateNavigation"/>
</testsuite> <!-- Academyyy.MySampleProject.ValidateNavigation -->
