<?xml version="1.0" encoding="UTF-8"?>
<!-- Generated by org.testng.reporters.JUnitReportReporter -->
<testsuite hostname="LakshmiPrasadPC" name="Academyyy.MySampleProject.HomePage" tests="2" failures="0" timestamp="13 May 2019 10:07:31 GMT" time="236.112" errors="0">
  <testcase name="basePageNavigation" time="204.193" classname="Academyyy.MySampleProject.HomePage"/>
  <testcase name="basePageNavigation" time="31.919" classname="Academyyy.MySampleProject.HomePage"/>
</testsuite> <!-- Academyyy.MySampleProject.HomePage -->
