<?xml version="1.0" encoding="UTF-8"?>
<!-- Generated by org.testng.reporters.JUnitReportReporter -->
<testsuite hostname="LakshmiPrasadPC" name="Academyyy.MySampleProject.HomePage" tests="1" failures="0" timestamp="9 May 2019 11:15:59 GMT" time="32.361" errors="0">
  <testcase name="basePageNavigation" time="32.361" classname="Academyyy.MySampleProject.HomePage"/>
</testsuite> <!-- Academyyy.MySampleProject.HomePage -->
