<?xml version="1.0" encoding="UTF-8"?>
<!-- Generated by org.testng.reporters.JUnitReportReporter -->
<testsuite hostname="LakshmiPrasadPC" name="Academyyy.MySampleProject.BaseTest" tests="1" failures="0" timestamp="9 May 2019 08:29:46 GMT" time="68.639" errors="0">
  <testcase name="basePageNavigation" time="68.639" classname="Academyyy.MySampleProject.BaseTest"/>
</testsuite> <!-- Academyyy.MySampleProject.BaseTest -->
