<?xml version="1.0" encoding="UTF-8"?>
<!-- Generated by org.testng.reporters.JUnitReportReporter -->
<testsuite hostname="LakshmiPrasadPC" name="Academyyy.MySampleProject.HomePage" tests="2" failures="0" timestamp="9 May 2019 12:12:30 GMT" time="53.868" errors="0">
  <testcase name="basePageNavigation" time="31.403" classname="Academyyy.MySampleProject.HomePage"/>
  <testcase name="basePageNavigation" time="22.465" classname="Academyyy.MySampleProject.HomePage"/>
</testsuite> <!-- Academyyy.MySampleProject.HomePage -->
