<?xml version="1.0" encoding="UTF-8"?>
<!-- Generated by org.testng.reporters.JUnitReportReporter -->
<testsuite hostname="LakshmiPrasadPC" name="Academyyy.MySampleProject.HomePage" tests="2" failures="0" timestamp="10 May 2019 08:28:31 GMT" time="50.775" errors="0">
  <testcase name="basePageNavigation" time="19.095" classname="Academyyy.MySampleProject.HomePage"/>
  <testcase name="basePageNavigation" time="31.680" classname="Academyyy.MySampleProject.HomePage"/>
</testsuite> <!-- Academyyy.MySampleProject.HomePage -->
