<?xml version="1.0" encoding="UTF-8"?>
<!-- Generated by org.testng.reporters.JUnitReportReporter -->
<testsuite hostname="LakshmiPrasadPC" name="Academyyy.MySampleProject.HomePage" tests="2" failures="0" timestamp="10 May 2019 13:05:54 GMT" time="99.111" errors="0">
  <testcase name="basePageNavigation" time="76.043" classname="Academyyy.MySampleProject.HomePage"/>
  <testcase name="basePageNavigation" time="23.068" classname="Academyyy.MySampleProject.HomePage"/>
</testsuite> <!-- Academyyy.MySampleProject.HomePage -->
