<?xml version="1.0" encoding="UTF-8"?>
<!-- Generated by org.testng.reporters.JUnitReportReporter -->
<testsuite hostname="LakshmiPrasadPC" name="Academyyy.MySampleProject.ValidateNavigation" tests="1" failures="0" timestamp="10 May 2019 13:05:55 GMT" time="0.108" errors="0">
  <testcase name="basePageNavigation" time="0.108" classname="Academyyy.MySampleProject.ValidateNavigation"/>
</testsuite> <!-- Academyyy.MySampleProject.ValidateNavigation -->
