<?xml version="1.0" encoding="UTF-8"?>
<!-- Generated by org.testng.reporters.JUnitReportReporter -->
<testsuite hostname="LakshmiPrasadPC" name="Academyyy.MySampleProject.HomePage" tests="2" failures="0" timestamp="9 May 2019 14:06:58 GMT" time="100.104" errors="0">
  <testcase name="basePageNavigation" time="43.898" classname="Academyyy.MySampleProject.HomePage"/>
  <testcase name="basePageNavigation" time="56.206" classname="Academyyy.MySampleProject.HomePage"/>
</testsuite> <!-- Academyyy.MySampleProject.HomePage -->
