<?xml version="1.0" encoding="UTF-8"?>
<!-- Generated by org.testng.reporters.JUnitReportReporter -->
<testsuite hostname="LakshmiPrasadPC" name="Academyyy.MySampleProject.ValidateTitle" tests="1" failures="0" timestamp="9 May 2019 13:52:55 GMT" time="0.131" errors="0">
  <testcase name="basePageNavigation" time="0.131" classname="Academyyy.MySampleProject.ValidateTitle"/>
</testsuite> <!-- Academyyy.MySampleProject.ValidateTitle -->
